<?xml version="1.0" encoding="UTF-8"?>
<!-- Generated by org.testng.reporters.JUnitReportReporter -->
<testsuite skipped="0" hostname="wsa-059-71" name="test.searchapartment.SearchApartmentTest" tests="1" failures="0" timestamp="2022-02-15T15:32:41 MSK" time="5.586" errors="0">
  <testcase name="checkIsRedirectToListing" time="5.586" classname="test.searchapartment.SearchApartmentTest"/>
  <system-out/>
</testsuite> <!-- test.searchapartment.SearchApartmentTest -->
